<?xml version="1.0" encoding="UTF-8"?>
<testsuite xmlns:xsi="http://www.w3.org/2001/XMLSchema-instance" xsi:noNamespaceSchemaLocation="https://maven.apache.org/surefire/maven-surefire-plugin/xsd/surefire-test-report-3.0.xsd" version="3.0" name="com.example.appointment.AppointmentApplicationTests" time="13.692" tests="1" errors="0" skipped="0" failures="0">
  <properties>
[...]
</properties>
  <testcase name="contextLoads" classname="com.example.appointment.AppointmentApplicationTests" time="0.691">
    <system-out><![CDATA[17:24:21.157 [main] INFO org.springframework.test.context.support.AnnotationConfigContextLoaderUtils -- Could not detect default configuration classes for test class [com.example.appointment.AppointmentApplicationTests]: AppointmentApplicationTests does not declare any static, non-private, non-final, nested classes annotated with @Configuration.
17:24:21.280 [main] INFO org.springframework.boot.test.context.SpringBootTestContextBootstrapper -- Found @SpringBootConfiguration com.example.appointment.AppointmentApplication for test class com.example.appointment.AppointmentApplicationTests

  .   ____          _            __ _ _
 /\\ / ___'_ __ _ _(_)_ __  __ _ \ \ \ \
( ( )\___ | '_ | '_| | '_ \/ _` | \ \ \ \
 \\/  ___)| |_)| | | | | || (_| |  ) ) ) )
  '  |____| .__|_| |_|_| |_\__, | / / / /
 =========|_|==============|___/=/_/_/_/
 :: Spring Boot ::                (v3.1.0)

2023-06-11T17:24:21.800+07:00  INFO 14460 --- [           main] c.e.a.AppointmentApplicationTests        : Starting AppointmentApplicationTests using Java 17.0.5 with PID 14460 (started by ACER in E:\appointment\appointment)
2023-06-11T17:24:21.802+07:00  INFO 14460 --- [           main] c.e.a.AppointmentApplicationTests        : No active profile set, falling back to 1 default profile: "default"
2023-06-11T17:24:22.727+07:00  INFO 14460 --- [           main] .s.d.r.c.RepositoryConfigurationDelegate : Bootstrapping Spring Data JPA repositories in DEFAULT mode.
2023-06-11T17:24:22.822+07:00  INFO 14460 --- [           main] .s.d.r.c.RepositoryConfigurationDelegate : Finished Spring Data repository scanning in 86 ms. Found 6 JPA repository interfaces.
2023-06-11T17:24:23.345+07:00  INFO 14460 --- [           main] o.hibernate.jpa.internal.util.LogHelper  : HHH000204: Processing PersistenceUnitInfo [name: default]
2023-06-11T17:24:23.445+07:00  INFO 14460 --- [           main] org.hibernate.Version                    : HHH000412: Hibernate ORM core version 6.2.2.Final
2023-06-11T17:24:23.448+07:00  INFO 14460 --- [           main] org.hibernate.cfg.Environment            : HHH000406: Using bytecode reflection optimizer
2023-06-11T17:24:23.876+07:00 DEBUG 14460 --- [           main] org.hibernate.type.BasicTypeRegistry     : Adding type registration boolean -> org.hibernate.type.BasicTypeReference@372461a9
2023-06-11T17:24:23.876+07:00 DEBUG 14460 --- [           main] org.hibernate.type.BasicTypeRegistry     : Adding type registration boolean -> org.hibernate.type.BasicTypeReference@372461a9
2023-06-11T17:24:23.876+07:00 DEBUG 14460 --- [           main] org.hibernate.type.BasicTypeRegistry     : Adding type registration java.lang.Boolean -> org.hibernate.type.BasicTypeReference@372461a9
2023-06-11T17:24:23.876+07:00 DEBUG 14460 --- [           main] org.hibernate.type.BasicTypeRegistry     : Adding type registration numeric_boolean -> org.hibernate.type.BasicTypeReference@5fffb692
2023-06-11T17:24:23.876+07:00 DEBUG 14460 --- [           main] org.hibernate.type.BasicTypeRegistry     : Adding type registration org.hibernate.type.NumericBooleanConverter -> org.hibernate.type.BasicTypeReference@5fffb692
2023-06-11T17:24:23.876+07:00 DEBUG 14460 --- [           main] org.hibernate.type.BasicTypeRegistry     : Adding type registration true_false -> org.hibernate.type.BasicTypeReference@48cb2d73
2023-06-11T17:24:23.876+07:00 DEBUG 14460 --- [           main] org.hibernate.type.BasicTypeRegistry     : Adding type registration org.hibernate.type.TrueFalseConverter -> org.hibernate.type.BasicTypeReference@48cb2d73
2023-06-11T17:24:23.877+07:00 DEBUG 14460 --- [           main] org.hibernate.type.BasicTypeRegistry     : Adding type registration yes_no -> org.hibernate.type.BasicTypeReference@243bf087
2023-06-11T17:24:23.877+07:00 DEBUG 14460 --- [           main] org.hibernate.type.BasicTypeRegistry     : Adding type registration org.hibernate.type.YesNoConverter -> org.hibernate.type.BasicTypeReference@243bf087
2023-06-11T17:24:23.877+07:00 DEBUG 14460 --- [           main] org.hibernate.type.BasicTypeRegistry     : Adding type registration byte -> org.hibernate.type.BasicTypeReference@3086f480
2023-06-11T17:24:23.877+07:00 DEBUG 14460 --- [           main] org.hibernate.type.BasicTypeRegistry     : Adding type registration byte -> org.hibernate.type.BasicTypeReference@3086f480
2023-06-11T17:24:23.877+07:00 DEBUG 14460 --- [           main] org.hibernate.type.BasicTypeRegistry     : Adding type registration java.lang.Byte -> org.hibernate.type.BasicTypeReference@3086f480
2023-06-11T17:24:23.878+07:00 DEBUG 14460 --- [           main] org.hibernate.type.BasicTypeRegistry     : Adding type registration binary -> org.hibernate.type.BasicTypeReference@126f8f24
2023-06-11T17:24:23.878+07:00 DEBUG 14460 --- [           main] org.hibernate.type.BasicTypeRegistry     : Adding type registration byte[] -> org.hibernate.type.BasicTypeReference@126f8f24
2023-06-11T17:24:23.878+07:00 DEBUG 14460 --- [           main] org.hibernate.type.BasicTypeRegistry     : Adding type registration [B -> org.hibernate.type.BasicTypeReference@126f8f24
2023-06-11T17:24:23.878+07:00 DEBUG 14460 --- [           main] org.hibernate.type.BasicTypeRegistry     : Adding type registration binary_wrapper -> org.hibernate.type.BasicTypeReference@7fbf26fc
2023-06-11T17:24:23.878+07:00 DEBUG 14460 --- [           main] org.hibernate.type.BasicTypeRegistry     : Adding type registration wrapper-binary -> org.hibernate.type.BasicTypeReference@7fbf26fc
2023-06-11T17:24:23.878+07:00 DEBUG 14460 --- [           main] org.hibernate.type.BasicTypeRegistry     : Adding type registration image -> org.hibernate.type.BasicTypeReference@11c78080
2023-06-11T17:24:23.878+07:00 DEBUG 14460 --- [           main] org.hibernate.type.BasicTypeRegistry     : Adding type registration blob -> org.hibernate.type.BasicTypeReference@662be9f7
2023-06-11T17:24:23.879+07:00 DEBUG 14460 --- [           main] org.hibernate.type.BasicTypeRegistry     : Adding type registration java.sql.Blob -> org.hibernate.type.BasicTypeReference@662be9f7
2023-06-11T17:24:23.879+07:00 DEBUG 14460 --- [           main] org.hibernate.type.BasicTypeRegistry     : Adding type registration materialized_blob -> org.hibernate.type.BasicTypeReference@4962b41e
2023-06-11T17:24:23.879+07:00 DEBUG 14460 --- [           main] org.hibernate.type.BasicTypeRegistry     : Adding type registration materialized_blob_wrapper -> org.hibernate.type.BasicTypeReference@4fecf308
2023-06-11T17:24:23.879+07:00 DEBUG 14460 --- [           main] org.hibernate.type.BasicTypeRegistry     : Adding type registration short -> org.hibernate.type.BasicTypeReference@6282b9f5
2023-06-11T17:24:23.879+07:00 DEBUG 14460 --- [           main] org.hibernate.type.BasicTypeRegistry     : Adding type registration short -> org.hibernate.type.BasicTypeReference@6282b9f5
2023-06-11T17:24:23.879+07:00 DEBUG 14460 --- [           main] org.hibernate.type.BasicTypeRegistry     : Adding type registration java.lang.Short -> org.hibernate.type.BasicTypeReference@6282b9f5
2023-06-11T17:24:23.879+07:00 DEBUG 14460 --- [           main] org.hibernate.type.BasicTypeRegistry     : Adding type registration integer -> org.hibernate.type.BasicTypeReference@5b5f9003
2023-06-11T17:24:23.879+07:00 DEBUG 14460 --- [           main] org.hibernate.type.BasicTypeRegistry     : Adding type registration int -> org.hibernate.type.BasicTypeReference@5b5f9003
2023-06-11T17:24:23.879+07:00 DEBUG 14460 --- [           main] org.hibernate.type.BasicTypeRegistry     : Adding type registration java.lang.Integer -> org.hibernate.type.BasicTypeReference@5b5f9003
2023-06-11T17:24:23.879+07:00 DEBUG 14460 --- [           main] org.hibernate.type.BasicTypeRegistry     : Adding type registration long -> org.hibernate.type.BasicTypeReference@7c11d32
2023-06-11T17:24:23.880+07:00 DEBUG 14460 --- [           main] org.hibernate.type.BasicTypeRegistry     : Adding type registration long -> org.hibernate.type.BasicTypeReference@7c11d32
2023-06-11T17:24:23.880+07:00 DEBUG 14460 --- [           main] org.hibernate.type.BasicTypeRegistry     : Adding type registration java.lang.Long -> org.hibernate.type.BasicTypeReference@7c11d32
2023-06-11T17:24:23.880+07:00 DEBUG 14460 --- [           main] org.hibernate.type.BasicTypeRegistry     : Adding type registration float -> org.hibernate.type.BasicTypeReference@2f9dda71
2023-06-11T17:24:23.880+07:00 DEBUG 14460 --- [           main] org.hibernate.type.BasicTypeRegistry     : Adding type registration float -> org.hibernate.type.BasicTypeReference@2f9dda71
2023-06-11T17:24:23.880+07:00 DEBUG 14460 --- [           main] org.hibernate.type.BasicTypeRegistry     : Adding type registration java.lang.Float -> org.hibernate.type.BasicTypeReference@2f9dda71
2023-06-11T17:24:23.880+07:00 DEBUG 14460 --- [           main] org.hibernate.type.BasicTypeRegistry     : Adding type registration double -> org.hibernate.type.BasicTypeReference@58278366
2023-06-11T17:24:23.880+07:00 DEBUG 14460 --- [           main] org.hibernate.type.BasicTypeRegistry     : Adding type registration double -> org.hibernate.type.BasicTypeReference@58278366
2023-06-11T17:24:23.880+07:00 DEBUG 14460 --- [           main] org.hibernate.type.BasicTypeRegistry     : Adding type registration java.lang.Double -> org.hibernate.type.BasicTypeReference@58278366
2023-06-11T17:24:23.880+07:00 DEBUG 14460 --- [           main] org.hibernate.type.BasicTypeRegistry     : Adding type registration big_integer -> org.hibernate.type.BasicTypeReference@7f5fcfe9
2023-06-11T17:24:23.880+07:00 DEBUG 14460 --- [           main] org.hibernate.type.BasicTypeRegistry     : Adding type registration java.math.BigInteger -> org.hibernate.type.BasicTypeReference@7f5fcfe9
2023-06-11T17:24:23.881+07:00 DEBUG 14460 --- [           main] org.hibernate.type.BasicTypeRegistry     : Adding type registration big_decimal -> org.hibernate.type.BasicTypeReference@707865bd
2023-06-11T17:24:23.881+07:00 DEBUG 14460 --- [           main] org.hibernate.type.BasicTypeRegistry     : Adding type registration java.math.BigDecimal -> org.hibernate.type.BasicTypeReference@707865bd
2023-06-11T17:24:23.881+07:00 DEBUG 14460 --- [           main] org.hibernate.type.BasicTypeRegistry     : Adding type registration character -> org.hibernate.type.BasicTypeReference@31f77791
2023-06-11T17:24:23.881+07:00 DEBUG 14460 --- [           main] org.hibernate.type.BasicTypeRegistry     : Adding type registration char -> org.hibernate.type.BasicTypeReference@31f77791
2023-06-11T17:24:23.881+07:00 DEBUG 14460 --- [           main] org.hibernate.type.BasicTypeRegistry     : Adding type registration java.lang.Character -> org.hibernate.type.BasicTypeReference@31f77791
2023-06-11T17:24:23.881+07:00 DEBUG 14460 --- [           main] org.hibernate.type.BasicTypeRegistry     : Adding type registration character_nchar -> org.hibernate.type.BasicTypeReference@552fee7a
2023-06-11T17:24:23.881+07:00 DEBUG 14460 --- [           main] org.hibernate.type.BasicTypeRegistry     : Adding type registration string -> org.hibernate.type.BasicTypeReference@548e43b1
2023-06-11T17:24:23.881+07:00 DEBUG 14460 --- [           main] org.hibernate.type.BasicTypeRegistry     : Adding type registration java.lang.String -> org.hibernate.type.BasicTypeReference@548e43b1
2023-06-11T17:24:23.881+07:00 DEBUG 14460 --- [           main] org.hibernate.type.BasicTypeRegistry     : Adding type registration nstring -> org.hibernate.type.BasicTypeReference@67688110
2023-06-11T17:24:23.881+07:00 DEBUG 14460 --- [           main] org.hibernate.type.BasicTypeRegistry     : Adding type registration characters -> org.hibernate.type.BasicTypeReference@6d293993
2023-06-11T17:24:23.882+07:00 DEBUG 14460 --- [           main] org.hibernate.type.BasicTypeRegistry     : Adding type registration char[] -> org.hibernate.type.BasicTypeReference@6d293993
2023-06-11T17:24:23.882+07:00 DEBUG 14460 --- [           main] org.hibernate.type.BasicTypeRegistry     : Adding type registration [C -> org.hibernate.type.BasicTypeReference@6d293993
2023-06-11T17:24:23.882+07:00 DEBUG 14460 --- [           main] org.hibernate.type.BasicTypeRegistry     : Adding type registration wrapper-characters -> org.hibernate.type.BasicTypeReference@475f5672
2023-06-11T17:24:23.882+07:00 DEBUG 14460 --- [           main] org.hibernate.type.BasicTypeRegistry     : Adding type registration text -> org.hibernate.type.BasicTypeReference@616a06e3
2023-06-11T17:24:23.882+07:00 DEBUG 14460 --- [           main] org.hibernate.type.BasicTypeRegistry     : Adding type registration ntext -> org.hibernate.type.BasicTypeReference@42297bdf
2023-06-11T17:24:23.882+07:00 DEBUG 14460 --- [           main] org.hibernate.type.BasicTypeRegistry     : Adding type registration clob -> org.hibernate.type.BasicTypeReference@66e827a8
2023-06-11T17:24:23.882+07:00 DEBUG 14460 --- [           main] org.hibernate.type.BasicTypeRegistry     : Adding type registration java.sql.Clob -> org.hibernate.type.BasicTypeReference@66e827a8
2023-06-11T17:24:23.882+07:00 DEBUG 14460 --- [           main] org.hibernate.type.BasicTypeRegistry     : Adding type registration nclob -> org.hibernate.type.BasicTypeReference@5bb911c1
2023-06-11T17:24:23.882+07:00 DEBUG 14460 --- [           main] org.hibernate.type.BasicTypeRegistry     : Adding type registration java.sql.NClob -> org.hibernate.type.BasicTypeReference@5bb911c1
2023-06-11T17:24:23.882+07:00 DEBUG 14460 --- [           main] org.hibernate.type.BasicTypeRegistry     : Adding type registration materialized_clob -> org.hibernate.type.BasicTypeReference@6a55594b
2023-06-11T17:24:23.883+07:00 DEBUG 14460 --- [           main] org.hibernate.type.BasicTypeRegistry     : Adding type registration materialized_clob_char_array -> org.hibernate.type.BasicTypeReference@632b305d
2023-06-11T17:24:23.883+07:00 DEBUG 14460 --- [           main] org.hibernate.type.BasicTypeRegistry     : Adding type registration materialized_clob_character_array -> org.hibernate.type.BasicTypeReference@44598ef7
2023-06-11T17:24:23.883+07:00 DEBUG 14460 --- [           main] org.hibernate.type.BasicTypeRegistry     : Adding type registration materialized_nclob -> org.hibernate.type.BasicTypeReference@57fdb8a4
2023-06-11T17:24:23.883+07:00 DEBUG 14460 --- [           main] org.hibernate.type.BasicTypeRegistry     : Adding type registration materialized_nclob_character_array -> org.hibernate.type.BasicTypeReference@17222c11
2023-06-11T17:24:23.883+07:00 DEBUG 14460 --- [           main] org.hibernate.type.BasicTypeRegistry     : Adding type registration materialized_nclob_char_array -> org.hibernate.type.BasicTypeReference@2db15f70
2023-06-11T17:24:23.883+07:00 DEBUG 14460 --- [           main] org.hibernate.type.BasicTypeRegistry     : Adding type registration Duration -> org.hibernate.type.BasicTypeReference@25974207
2023-06-11T17:24:23.883+07:00 DEBUG 14460 --- [           main] org.hibernate.type.BasicTypeRegistry     : Adding type registration java.time.Duration -> org.hibernate.type.BasicTypeReference@25974207
2023-06-11T17:24:23.883+07:00 DEBUG 14460 --- [           main] org.hibernate.type.BasicTypeRegistry     : Adding type registration LocalDateTime -> org.hibernate.type.BasicTypeReference@1f15e689
2023-06-11T17:24:23.883+07:00 DEBUG 14460 --- [           main] org.hibernate.type.BasicTypeRegistry     : Adding type registration java.time.LocalDateTime -> org.hibernate.type.BasicTypeReference@1f15e689
2023-06-11T17:24:23.884+07:00 DEBUG 14460 --- [           main] org.hibernate.type.BasicTypeRegistry     : Adding type registration LocalDate -> org.hibernate.type.BasicTypeReference@195113de
2023-06-11T17:24:23.884+07:00 DEBUG 14460 --- [           main] org.hibernate.type.BasicTypeRegistry     : Adding type registration java.time.LocalDate -> org.hibernate.type.BasicTypeReference@195113de
2023-06-11T17:24:23.884+07:00 DEBUG 14460 --- [           main] org.hibernate.type.BasicTypeRegistry     : Adding type registration LocalTime -> org.hibernate.type.BasicTypeReference@3ebc955b
2023-06-11T17:24:23.884+07:00 DEBUG 14460 --- [           main] org.hibernate.type.BasicTypeRegistry     : Adding type registration java.time.LocalTime -> org.hibernate.type.BasicTypeReference@3ebc955b
2023-06-11T17:24:23.884+07:00 DEBUG 14460 --- [           main] org.hibernate.type.BasicTypeRegistry     : Adding type registration OffsetDateTime -> org.hibernate.type.BasicTypeReference@21a46ff1
2023-06-11T17:24:23.884+07:00 DEBUG 14460 --- [           main] org.hibernate.type.BasicTypeRegistry     : Adding type registration java.time.OffsetDateTime -> org.hibernate.type.BasicTypeReference@21a46ff1
2023-06-11T17:24:23.884+07:00 DEBUG 14460 --- [           main] org.hibernate.type.BasicTypeRegistry     : Adding type registration OffsetDateTimeWithTimezone -> org.hibernate.type.BasicTypeReference@11b5f4e2
2023-06-11T17:24:23.884+07:00 DEBUG 14460 --- [           main] org.hibernate.type.BasicTypeRegistry     : Adding type registration OffsetDateTimeWithoutTimezone -> org.hibernate.type.BasicTypeReference@6bcae9
2023-06-11T17:24:23.884+07:00 DEBUG 14460 --- [           main] org.hibernate.type.BasicTypeRegistry     : Adding type registration OffsetTime -> org.hibernate.type.BasicTypeReference@5aa781f2
2023-06-11T17:24:23.884+07:00 DEBUG 14460 --- [           main] org.hibernate.type.BasicTypeRegistry     : Adding type registration java.time.OffsetTime -> org.hibernate.type.BasicTypeReference@5aa781f2
2023-06-11T17:24:23.884+07:00 DEBUG 14460 --- [           main] org.hibernate.type.BasicTypeRegistry     : Adding type registration OffsetTimeUtc -> org.hibernate.type.BasicTypeReference@58feb6b0
2023-06-11T17:24:23.885+07:00 DEBUG 14460 --- [           main] org.hibernate.type.BasicTypeRegistry     : Adding type registration OffsetTimeWithTimezone -> org.hibernate.type.BasicTypeReference@66d25ba9
2023-06-11T17:24:23.885+07:00 DEBUG 14460 --- [           main] org.hibernate.type.BasicTypeRegistry     : Adding type registration OffsetTimeWithoutTimezone -> org.hibernate.type.BasicTypeReference@3830f918
2023-06-11T17:24:23.885+07:00 DEBUG 14460 --- [           main] org.hibernate.type.BasicTypeRegistry     : Adding type registration ZonedDateTime -> org.hibernate.type.BasicTypeReference@5efe47fd
2023-06-11T17:24:23.885+07:00 DEBUG 14460 --- [           main] org.hibernate.type.BasicTypeRegistry     : Adding type registration java.time.ZonedDateTime -> org.hibernate.type.BasicTypeReference@5efe47fd
2023-06-11T17:24:23.885+07:00 DEBUG 14460 --- [           main] org.hibernate.type.BasicTypeRegistry     : Adding type registration ZonedDateTimeWithTimezone -> org.hibernate.type.BasicTypeReference@739831a4
2023-06-11T17:24:23.885+07:00 DEBUG 14460 --- [           main] org.hibernate.type.BasicTypeRegistry     : Adding type registration ZonedDateTimeWithoutTimezone -> org.hibernate.type.BasicTypeReference@7e3236d
2023-06-11T17:24:23.885+07:00 DEBUG 14460 --- [           main] org.hibernate.type.BasicTypeRegistry     : Adding type registration date -> org.hibernate.type.BasicTypeReference@38a4e2b0
2023-06-11T17:24:23.885+07:00 DEBUG 14460 --- [           main] org.hibernate.type.BasicTypeRegistry     : Adding type registration java.sql.Date -> org.hibernate.type.BasicTypeReference@38a4e2b0
2023-06-11T17:24:23.885+07:00 DEBUG 14460 --- [           main] org.hibernate.type.BasicTypeRegistry     : Adding type registration time -> org.hibernate.type.BasicTypeReference@14c99bf6
2023-06-11T17:24:23.885+07:00 DEBUG 14460 --- [           main] org.hibernate.type.BasicTypeRegistry     : Adding type registration java.sql.Time -> org.hibernate.type.BasicTypeReference@14c99bf6
2023-06-11T17:24:23.885+07:00 DEBUG 14460 --- [           main] org.hibernate.type.BasicTypeRegistry     : Adding type registration timestamp -> org.hibernate.type.BasicTypeReference@266e9dda
2023-06-11T17:24:23.886+07:00 DEBUG 14460 --- [           main] org.hibernate.type.BasicTypeRegistry     : Adding type registration java.sql.Timestamp -> org.hibernate.type.BasicTypeReference@266e9dda
2023-06-11T17:24:23.886+07:00 DEBUG 14460 --- [           main] org.hibernate.type.BasicTypeRegistry     : Adding type registration java.util.Date -> org.hibernate.type.BasicTypeReference@266e9dda
2023-06-11T17:24:23.886+07:00 DEBUG 14460 --- [           main] org.hibernate.type.BasicTypeRegistry     : Adding type registration calendar -> org.hibernate.type.BasicTypeReference@38883a31
2023-06-11T17:24:23.886+07:00 DEBUG 14460 --- [           main] org.hibernate.type.BasicTypeRegistry     : Adding type registration java.util.Calendar -> org.hibernate.type.BasicTypeReference@38883a31
2023-06-11T17:24:23.886+07:00 DEBUG 14460 --- [           main] org.hibernate.type.BasicTypeRegistry     : Adding type registration java.util.GregorianCalendar -> org.hibernate.type.BasicTypeReference@38883a31
2023-06-11T17:24:23.886+07:00 DEBUG 14460 --- [           main] org.hibernate.type.BasicTypeRegistry     : Adding type registration calendar_date -> org.hibernate.type.BasicTypeReference@27a6fef2
2023-06-11T17:24:23.886+07:00 DEBUG 14460 --- [           main] org.hibernate.type.BasicTypeRegistry     : Adding type registration calendar_time -> org.hibernate.type.BasicTypeReference@7fe8c7db
2023-06-11T17:24:23.886+07:00 DEBUG 14460 --- [           main] org.hibernate.type.BasicTypeRegistry     : Adding type registration instant -> org.hibernate.type.BasicTypeReference@2dba05b1
2023-06-11T17:24:23.886+07:00 DEBUG 14460 --- [           main] org.hibernate.type.BasicTypeRegistry     : Adding type registration java.time.Instant -> org.hibernate.type.BasicTypeReference@2dba05b1
2023-06-11T17:24:23.886+07:00 DEBUG 14460 --- [           main] org.hibernate.type.BasicTypeRegistry     : Adding type registration uuid -> org.hibernate.type.BasicTypeReference@541afb85
2023-06-11T17:24:23.886+07:00 DEBUG 14460 --- [           main] org.hibernate.type.BasicTypeRegistry     : Adding type registration java.util.UUID -> org.hibernate.type.BasicTypeReference@541afb85
2023-06-11T17:24:23.886+07:00 DEBUG 14460 --- [           main] org.hibernate.type.BasicTypeRegistry     : Adding type registration pg-uuid -> org.hibernate.type.BasicTypeReference@541afb85
2023-06-11T17:24:23.886+07:00 DEBUG 14460 --- [           main] org.hibernate.type.BasicTypeRegistry     : Adding type registration uuid-binary -> org.hibernate.type.BasicTypeReference@445bce9a
2023-06-11T17:24:23.887+07:00 DEBUG 14460 --- [           main] org.hibernate.type.BasicTypeRegistry     : Adding type registration uuid-char -> org.hibernate.type.BasicTypeReference@7db40fd5
2023-06-11T17:24:23.887+07:00 DEBUG 14460 --- [           main] org.hibernate.type.BasicTypeRegistry     : Adding type registration class -> org.hibernate.type.BasicTypeReference@5e1a5f
2023-06-11T17:24:23.887+07:00 DEBUG 14460 --- [           main] org.hibernate.type.BasicTypeRegistry     : Adding type registration java.lang.Class -> org.hibernate.type.BasicTypeReference@5e1a5f
2023-06-11T17:24:23.887+07:00 DEBUG 14460 --- [           main] org.hibernate.type.BasicTypeRegistry     : Adding type registration currency -> org.hibernate.type.BasicTypeReference@31b0f02
2023-06-11T17:24:23.887+07:00 DEBUG 14460 --- [           main] org.hibernate.type.BasicTypeRegistry     : Adding type registration Currency -> org.hibernate.type.BasicTypeReference@31b0f02
2023-06-11T17:24:23.887+07:00 DEBUG 14460 --- [           main] org.hibernate.type.BasicTypeRegistry     : Adding type registration java.util.Currency -> org.hibernate.type.BasicTypeReference@31b0f02
2023-06-11T17:24:23.887+07:00 DEBUG 14460 --- [           main] org.hibernate.type.BasicTypeRegistry     : Adding type registration locale -> org.hibernate.type.BasicTypeReference@19ae2ee5
2023-06-11T17:24:23.887+07:00 DEBUG 14460 --- [           main] org.hibernate.type.BasicTypeRegistry     : Adding type registration java.util.Locale -> org.hibernate.type.BasicTypeReference@19ae2ee5
2023-06-11T17:24:23.887+07:00 DEBUG 14460 --- [           main] org.hibernate.type.BasicTypeRegistry     : Adding type registration serializable -> org.hibernate.type.BasicTypeReference@44b940a2
2023-06-11T17:24:23.887+07:00 DEBUG 14460 --- [           main] org.hibernate.type.BasicTypeRegistry     : Adding type registration java.io.Serializable -> org.hibernate.type.BasicTypeReference@44b940a2
2023-06-11T17:24:23.887+07:00 DEBUG 14460 --- [           main] org.hibernate.type.BasicTypeRegistry     : Adding type registration timezone -> org.hibernate.type.BasicTypeReference@34c53688
2023-06-11T17:24:23.887+07:00 DEBUG 14460 --- [           main] org.hibernate.type.BasicTypeRegistry     : Adding type registration java.util.TimeZone -> org.hibernate.type.BasicTypeReference@34c53688
2023-06-11T17:24:23.887+07:00 DEBUG 14460 --- [           main] org.hibernate.type.BasicTypeRegistry     : Adding type registration ZoneOffset -> org.hibernate.type.BasicTypeReference@6ffd4c0d
2023-06-11T17:24:23.888+07:00 DEBUG 14460 --- [           main] org.hibernate.type.BasicTypeRegistry     : Adding type registration java.time.ZoneOffset -> org.hibernate.type.BasicTypeReference@6ffd4c0d
2023-06-11T17:24:23.888+07:00 DEBUG 14460 --- [           main] org.hibernate.type.BasicTypeRegistry     : Adding type registration url -> org.hibernate.type.BasicTypeReference@74c9e11
2023-06-11T17:24:23.888+07:00 DEBUG 14460 --- [           main] org.hibernate.type.BasicTypeRegistry     : Adding type registration java.net.URL -> org.hibernate.type.BasicTypeReference@74c9e11
2023-06-11T17:24:23.888+07:00 DEBUG 14460 --- [           main] org.hibernate.type.BasicTypeRegistry     : Adding type registration row_version -> org.hibernate.type.BasicTypeReference@9fe720a
2023-06-11T17:24:23.897+07:00 DEBUG 14460 --- [           main] org.hibernate.type.BasicTypeRegistry     : Adding type registration object -> org.hibernate.type.JavaObjectType@6db328f8
2023-06-11T17:24:23.898+07:00 DEBUG 14460 --- [           main] org.hibernate.type.BasicTypeRegistry     : Adding type registration java.lang.Object -> org.hibernate.type.JavaObjectType@6db328f8
2023-06-11T17:24:23.902+07:00 DEBUG 14460 --- [           main] org.hibernate.type.BasicTypeRegistry     : Adding type registration null -> org.hibernate.type.NullType@5f8a02cf
2023-06-11T17:24:23.903+07:00 DEBUG 14460 --- [           main] org.hibernate.type.BasicTypeRegistry     : Adding type registration imm_date -> org.hibernate.type.BasicTypeReference@26d5a317
2023-06-11T17:24:23.903+07:00 DEBUG 14460 --- [           main] org.hibernate.type.BasicTypeRegistry     : Adding type registration imm_time -> org.hibernate.type.BasicTypeReference@70b6db83
2023-06-11T17:24:23.903+07:00 DEBUG 14460 --- [           main] org.hibernate.type.BasicTypeRegistry     : Adding type registration imm_timestamp -> org.hibernate.type.BasicTypeReference@5a090f62
2023-06-11T17:24:23.903+07:00 DEBUG 14460 --- [           main] org.hibernate.type.BasicTypeRegistry     : Adding type registration imm_calendar -> org.hibernate.type.BasicTypeReference@559af296
2023-06-11T17:24:23.903+07:00 DEBUG 14460 --- [           main] org.hibernate.type.BasicTypeRegistry     : Adding type registration imm_calendar_date -> org.hibernate.type.BasicTypeReference@5edc3e29
2023-06-11T17:24:23.904+07:00 DEBUG 14460 --- [           main] org.hibernate.type.BasicTypeRegistry     : Adding type registration imm_calendar_time -> org.hibernate.type.BasicTypeReference@18709cb2
2023-06-11T17:24:23.904+07:00 DEBUG 14460 --- [           main] org.hibernate.type.BasicTypeRegistry     : Adding type registration imm_binary -> org.hibernate.type.BasicTypeReference@a90e2c1
2023-06-11T17:24:23.904+07:00 DEBUG 14460 --- [           main] org.hibernate.type.BasicTypeRegistry     : Adding type registration imm_serializable -> org.hibernate.type.BasicTypeReference@89caf47
2023-06-11T17:24:23.943+07:00  INFO 14460 --- [           main] o.h.b.i.BytecodeProviderInitiator        : HHH000021: Bytecode provider name : bytebuddy
2023-06-11T17:24:24.119+07:00  INFO 14460 --- [           main] o.s.o.j.p.SpringPersistenceUnitInfo      : No LoadTimeWeaver setup: ignoring JPA class transformer
2023-06-11T17:24:24.149+07:00  INFO 14460 --- [           main] com.zaxxer.hikari.HikariDataSource       : HikariPool-1 - Starting...
2023-06-11T17:24:26.661+07:00  INFO 14460 --- [           main] com.zaxxer.hikari.pool.HikariPool        : HikariPool-1 - Added connection com.mysql.cj.jdbc.ConnectionImpl@18d30e7
2023-06-11T17:24:26.671+07:00  INFO 14460 --- [           main] com.zaxxer.hikari.HikariDataSource       : HikariPool-1 - Start completed.
2023-06-11T17:24:27.253+07:00  INFO 14460 --- [           main] org.hibernate.orm.dialect                : HHH035001: Using dialect: org.hibernate.dialect.MySQLDialect, version: 8.0
2023-06-11T17:24:27.281+07:00 DEBUG 14460 --- [           main] o.h.t.d.sql.spi.DdlTypeRegistry          : addDescriptor(12, org.hibernate.type.descriptor.sql.internal.CapacityDependentDdlType@9205c0a) replaced previous registration(org.hibernate.type.descriptor.sql.internal.CapacityDependentDdlType@bfe47a8)
2023-06-11T17:24:27.281+07:00 DEBUG 14460 --- [           main] o.h.t.d.sql.spi.DdlTypeRegistry          : addDescriptor(-9, org.hibernate.type.descriptor.sql.internal.CapacityDependentDdlType@2f1f9515) replaced previous registration(org.hibernate.type.descriptor.sql.internal.CapacityDependentDdlType@5c8ab9de)
2023-06-11T17:24:27.281+07:00 DEBUG 14460 --- [           main] o.h.t.d.sql.spi.DdlTypeRegistry          : addDescriptor(-3, org.hibernate.type.descriptor.sql.internal.CapacityDependentDdlType@57416e49) replaced previous registration(org.hibernate.type.descriptor.sql.internal.CapacityDependentDdlType@2e7bb00e)
2023-06-11T17:24:27.281+07:00 DEBUG 14460 --- [           main] o.h.t.d.sql.spi.DdlTypeRegistry          : addDescriptor(4003, org.hibernate.type.descriptor.sql.internal.DdlTypeImpl@7d1f3fe9) replaced previous registration(org.hibernate.type.descriptor.sql.internal.DdlTypeImpl@74d22ddd)
2023-06-11T17:24:27.281+07:00 DEBUG 14460 --- [           main] o.h.t.d.sql.spi.DdlTypeRegistry          : addDescriptor(4001, org.hibernate.type.descriptor.sql.internal.DdlTypeImpl@283d3628) replaced previous registration(org.hibernate.type.descriptor.sql.internal.DdlTypeImpl@5b3518e1)
2023-06-11T17:24:27.281+07:00 DEBUG 14460 --- [           main] o.h.t.d.sql.spi.DdlTypeRegistry          : addDescriptor(4002, org.hibernate.type.descriptor.sql.internal.DdlTypeImpl@5fd18419) replaced previous registration(org.hibernate.type.descriptor.sql.internal.DdlTypeImpl@3a88f6fb)
2023-06-11T17:24:27.282+07:00 DEBUG 14460 --- [           main] o.h.t.d.sql.spi.DdlTypeRegistry          : addDescriptor(2004, org.hibernate.type.descriptor.sql.internal.CapacityDependentDdlType@7b451bf4) replaced previous registration(org.hibernate.type.descriptor.sql.internal.DdlTypeImpl@844e66d)
2023-06-11T17:24:27.282+07:00 DEBUG 14460 --- [           main] o.h.t.d.sql.spi.DdlTypeRegistry          : addDescriptor(2005, org.hibernate.type.descriptor.sql.internal.CapacityDependentDdlType@5b665a30) replaced previous registration(org.hibernate.type.descriptor.sql.internal.DdlTypeImpl@26a45089)
2023-06-11T17:24:27.282+07:00 DEBUG 14460 --- [           main] o.h.t.d.sql.spi.DdlTypeRegistry          : addDescriptor(2011, org.hibernate.type.descriptor.sql.internal.CapacityDependentDdlType@75ed7512) replaced previous registration(org.hibernate.type.descriptor.sql.internal.DdlTypeImpl@5ab5924c)
2023-06-11T17:24:27.283+07:00 DEBUG 14460 --- [           main] o.h.t.d.jdbc.spi.JdbcTypeRegistry        : addDescriptor(NCharTypeDescriptor) replaced previous registration(CharTypeDescriptor)
2023-06-11T17:24:27.283+07:00 DEBUG 14460 --- [           main] o.h.t.d.jdbc.spi.JdbcTypeRegistry        : addDescriptor(NVarcharTypeDescriptor) replaced previous registration(VarcharTypeDescriptor)
2023-06-11T17:24:27.283+07:00 DEBUG 14460 --- [           main] o.h.t.d.jdbc.spi.JdbcTypeRegistry        : addDescriptor(LongNVarcharTypeDescriptor) replaced previous registration(LongVarcharTypeDescriptor)
2023-06-11T17:24:27.286+07:00 DEBUG 14460 --- [           main] o.h.t.d.jdbc.spi.JdbcTypeRegistry        : addDescriptor(NClobTypeDescriptor(DEFAULT)) replaced previous registration(ClobTypeDescriptor(DEFAULT))
2023-06-11T17:24:27.286+07:00 DEBUG 14460 --- [           main] o.h.t.d.jdbc.spi.JdbcTypeRegistry        : addDescriptor(2005, ClobTypeDescriptor(STREAM_BINDING)) replaced previous registration(ClobTypeDescriptor(DEFAULT))
2023-06-11T17:24:27.289+07:00 DEBUG 14460 --- [           main] org.hibernate.type.BasicTypeRegistry     : Adding type registration null -> org.hibernate.type.NullType@78545d40
2023-06-11T17:24:27.289+07:00 DEBUG 14460 --- [           main] org.hibernate.type.BasicTypeRegistry     : Type registration key [null] overrode previous entry : `org.hibernate.type.NullType@5f8a02cf`
2023-06-11T17:24:27.298+07:00 DEBUG 14460 --- [           main] org.hibernate.type.BasicTypeRegistry     : Adding type registration org.hibernate.type.OffsetDateTimeType -> basicType@1(java.time.OffsetDateTime,3003)
2023-06-11T17:24:27.298+07:00 DEBUG 14460 --- [           main] org.hibernate.type.BasicTypeRegistry     : Adding type registration OffsetDateTime -> basicType@1(java.time.OffsetDateTime,3003)
2023-06-11T17:24:27.298+07:00 DEBUG 14460 --- [           main] org.hibernate.type.BasicTypeRegistry     : Adding type registration java.time.OffsetDateTime -> basicType@1(java.time.OffsetDateTime,3003)
2023-06-11T17:24:27.298+07:00 DEBUG 14460 --- [           main] org.hibernate.type.BasicTypeRegistry     : Adding type registration org.hibernate.type.ZonedDateTimeType -> basicType@2(java.time.ZonedDateTime,3003)
2023-06-11T17:24:27.298+07:00 DEBUG 14460 --- [           main] org.hibernate.type.BasicTypeRegistry     : Adding type registration ZonedDateTime -> basicType@2(java.time.ZonedDateTime,3003)
2023-06-11T17:24:27.298+07:00 DEBUG 14460 --- [           main] org.hibernate.type.BasicTypeRegistry     : Adding type registration java.time.ZonedDateTime -> basicType@2(java.time.ZonedDateTime,3003)
2023-06-11T17:24:27.299+07:00 DEBUG 14460 --- [           main] org.hibernate.type.BasicTypeRegistry     : Adding type registration org.hibernate.type.OffsetTimeType -> basicType@3(java.time.OffsetTime,3007)
2023-06-11T17:24:27.299+07:00 DEBUG 14460 --- [           main] org.hibernate.type.BasicTypeRegistry     : Adding type registration OffsetTime -> basicType@3(java.time.OffsetTime,3007)
2023-06-11T17:24:27.299+07:00 DEBUG 14460 --- [           main] org.hibernate.type.BasicTypeRegistry     : Adding type registration java.time.OffsetTime -> basicType@3(java.time.OffsetTime,3007)
2023-06-11T17:24:27.300+07:00 DEBUG 14460 --- [           main] o.h.type.spi.TypeConfiguration$Scope     : Scoping TypeConfiguration [org.hibernate.type.spi.TypeConfiguration@3d3930fe] to MetadataBuildingContext [org.hibernate.boot.internal.MetadataBuildingContextRootImpl@5e51ec2e]
2023-06-11T17:24:27.528+07:00  INFO 14460 --- [           main] o.h.b.i.BytecodeProviderInitiator        : HHH000021: Bytecode provider name : bytebuddy
2023-06-11T17:24:28.298+07:00  INFO 14460 --- [           main] o.h.e.t.j.p.i.JtaPlatformInitiator       : HHH000490: Using JtaPlatform implementation: [org.hibernate.engine.transaction.jta.platform.internal.NoJtaPlatform]
2023-06-11T17:24:28.299+07:00 DEBUG 14460 --- [           main] o.h.type.spi.TypeConfiguration$Scope     : Scoping TypeConfiguration [org.hibernate.type.spi.TypeConfiguration@3d3930fe] to SessionFactoryImplementor [org.hibernate.internal.SessionFactoryImpl@226e95e9]
2023-06-11T17:24:31.969+07:00 TRACE 14460 --- [           main] o.h.type.spi.TypeConfiguration$Scope     : Handling #sessionFactoryCreated from [org.hibernate.internal.SessionFactoryImpl@226e95e9] for TypeConfiguration
2023-06-11T17:24:31.970+07:00  INFO 14460 --- [           main] j.LocalContainerEntityManagerFactoryBean : Initialized JPA EntityManagerFactory for persistence unit 'default'
2023-06-11T17:24:32.283+07:00  INFO 14460 --- [           main] o.s.d.j.r.query.QueryEnhancerFactory     : Hibernate is in classpath; If applicable, HQL parser will be used.
2023-06-11T17:24:33.955+07:00  INFO 14460 --- [           main] c.e.a.AppointmentApplicationTests        : Started AppointmentApplicationTests in 12.498 seconds (process running for 13.496)
]]></system-out>
  </testcase>
</testsuite>